0 info it worked if it ends with ok
1 verbose cli [ '/usr/local/bin/node',
1 verbose cli   '/usr/local/bin/npm',
1 verbose cli   'install',
1 verbose cli   'grunt-beautifier',
1 verbose cli   '--save-dev' ]
2 info using npm@1.4.28
3 info using node@v0.10.36
4 verbose cache add [ 'grunt-beautifier', null ]
5 verbose cache add name=undefined spec="grunt-beautifier" args=["grunt-beautifier",null]
6 verbose parsed url { protocol: null,
6 verbose parsed url   slashes: null,
6 verbose parsed url   auth: null,
6 verbose parsed url   host: null,
6 verbose parsed url   port: null,
6 verbose parsed url   hostname: null,
6 verbose parsed url   hash: null,
6 verbose parsed url   search: null,
6 verbose parsed url   query: null,
6 verbose parsed url   pathname: 'grunt-beautifier',
6 verbose parsed url   path: 'grunt-beautifier',
6 verbose parsed url   href: 'grunt-beautifier' }
7 silly lockFile 9dcfb516-grunt-beautifier grunt-beautifier
8 verbose lock grunt-beautifier /Users/KAC/.npm/9dcfb516-grunt-beautifier.lock
9 silly lockFile 9dcfb516-grunt-beautifier grunt-beautifier
10 silly lockFile 9dcfb516-grunt-beautifier grunt-beautifier
11 verbose addNamed [ 'grunt-beautifier', '' ]
12 verbose addNamed [ null, '*' ]
13 silly lockFile 04230616-grunt-beautifier grunt-beautifier@
14 verbose lock grunt-beautifier@ /Users/KAC/.npm/04230616-grunt-beautifier.lock
15 silly addNameRange { name: 'grunt-beautifier', range: '*', hasData: false }
16 verbose request where is /grunt-beautifier
17 verbose request registry https://registry.npmjs.org/
18 verbose request id c4df3eeb14785f5c
19 verbose url raw /grunt-beautifier
20 verbose url resolving [ 'https://registry.npmjs.org/', './grunt-beautifier' ]
21 verbose url resolved https://registry.npmjs.org/grunt-beautifier
22 verbose request where is https://registry.npmjs.org/grunt-beautifier
23 info trying registry request attempt 1 at 12:16:36
24 http GET https://registry.npmjs.org/grunt-beautifier
25 http 404 https://registry.npmjs.org/grunt-beautifier
26 verbose headers { server: 'CouchDB/1.5.0 (Erlang OTP/R16B03)',
26 verbose headers   'content-type': 'application/json',
26 verbose headers   'cache-control': 'max-age=0',
26 verbose headers   'content-length': '51',
26 verbose headers   'accept-ranges': 'bytes',
26 verbose headers   date: 'Fri, 05 Jun 2015 16:16:37 GMT',
26 verbose headers   via: '1.1 varnish',
26 verbose headers   age: '0',
26 verbose headers   connection: 'keep-alive',
26 verbose headers   'x-served-by': 'cache-atl6229-ATL',
26 verbose headers   'x-cache': 'MISS',
26 verbose headers   'x-cache-hits': '0',
26 verbose headers   'x-timer': 'S1433520997.629092,VS0,VE82' }
27 silly registry.get cb [ 404,
27 silly registry.get   { server: 'CouchDB/1.5.0 (Erlang OTP/R16B03)',
27 silly registry.get     'content-type': 'application/json',
27 silly registry.get     'cache-control': 'max-age=0',
27 silly registry.get     'content-length': '51',
27 silly registry.get     'accept-ranges': 'bytes',
27 silly registry.get     date: 'Fri, 05 Jun 2015 16:16:37 GMT',
27 silly registry.get     via: '1.1 varnish',
27 silly registry.get     age: '0',
27 silly registry.get     connection: 'keep-alive',
27 silly registry.get     'x-served-by': 'cache-atl6229-ATL',
27 silly registry.get     'x-cache': 'MISS',
27 silly registry.get     'x-cache-hits': '0',
27 silly registry.get     'x-timer': 'S1433520997.629092,VS0,VE82' } ]
28 silly lockFile 04230616-grunt-beautifier grunt-beautifier@
29 silly lockFile 04230616-grunt-beautifier grunt-beautifier@
30 error 404 404 Not Found: grunt-beautifier
30 error 404
30 error 404 'grunt-beautifier' is not in the npm registry.
30 error 404 You should bug the author to publish it
30 error 404
30 error 404 Note that you can also install from a
30 error 404 tarball, folder, or http url, or git url.
31 error System Darwin 14.3.0
32 error command "/usr/local/bin/node" "/usr/local/bin/npm" "install" "grunt-beautifier" "--save-dev"
33 error cwd /Users/KAC/Desktop/recent-annotation/AnnotationWebTool
34 error node -v v0.10.36
35 error npm -v 1.4.28
36 error code E404
37 verbose exit [ 1, true ]
